[INFO  - 2018-01-23T08:40:53.075Z] GhostDriver - Main - running on port 41107
[INFO  - 2018-01-23T08:40:54.703Z] Session [200ff820-0019-11e8-9b9f-95354bfcf14e] - page.settings - {"XSSAuditingEnabled":false,"javascriptCanCloseWindows":true,"javascriptCanOpenWindows":true,"javascriptEnabled":true,"loadImages":true,"localToRemoteUrlAccessEnabled":false,"userAgent":"Mozilla/5.0 (Windows NT 6.2; WOW64) AppleWebKit/538.1 (KHTML, like Gecko) PhantomJS/2.1.1 Safari/538.1","webSecurityEnabled":true}
[INFO  - 2018-01-23T08:40:54.704Z] Session [200ff820-0019-11e8-9b9f-95354bfcf14e] - page.customHeaders:  - {}
[INFO  - 2018-01-23T08:40:54.704Z] Session [200ff820-0019-11e8-9b9f-95354bfcf14e] - Session.negotiatedCapabilities - {"browserName":"phantomjs","version":"2.1.1","driverName":"ghostdriver","driverVersion":"1.2.0","platform":"windows-10-32bit","javascriptEnabled":true,"takesScreenshot":true,"handlesAlerts":false,"databaseEnabled":false,"locationContextEnabled":false,"applicationCacheEnabled":false,"browserConnectionEnabled":false,"cssSelectorsEnabled":true,"webStorageEnabled":false,"rotatable":false,"acceptSslCerts":false,"nativeEvents":true,"proxy":{"proxyType":"direct"}}
[INFO  - 2018-01-23T08:40:54.704Z] SessionManagerReqHand - _postNewSessionCommand - New Session Created: 200ff820-0019-11e8-9b9f-95354bfcf14e
[ERROR - 2018-01-23T08:40:56.562Z] Session [200ff820-0019-11e8-9b9f-95354bfcf14e] - page.onError - msg: kg/search-suggest/6.3.1/index is not loaded! can not find module in path : https://g.alicdn.com/kg/??search-suggest/6.3.1/index-min.js,search-suggest/6.3.1/plugin/history-min.js,search-suggest/6.3.1/plugin/cloud-min.js,search-suggest/6.3.1/plugin/tab-min.js,search-suggest/6.3.1/plugin/history-magic-min.js,search-suggest/6.3.1/plugin/imgsearch-min.js,search-suggest/6.3.1/theme/pailitao/index-min.js

  phantomjs://platform/console++.js:263 in error
[ERROR - 2018-01-23T08:40:56.562Z] Session [200ff820-0019-11e8-9b9f-95354bfcf14e] - page.onError - stack:
  (anonymous function) (https://g.alicdn.com/??kissy/k/6.2.4/seed-min.js,kg/global-util/1.0.5/index-min.js,tb/tracker/4.2.1/p/index/index.js,kg/tb-nav/2.5.3/index-min.js,secdev/sufei_data/3.0.8/index.js:5)

  phantomjs://platform/console++.js:263 in error
[ERROR - 2018-01-23T08:40:56.563Z] Session [200ff820-0019-11e8-9b9f-95354bfcf14e] - page.onError - msg: kg/search-suggest/6.3.1/plugin/history is not loaded! can not find module in path : https://g.alicdn.com/kg/??search-suggest/6.3.1/index-min.js,search-suggest/6.3.1/plugin/history-min.js,search-suggest/6.3.1/plugin/cloud-min.js,search-suggest/6.3.1/plugin/tab-min.js,search-suggest/6.3.1/plugin/history-magic-min.js,search-suggest/6.3.1/plugin/imgsearch-min.js,search-suggest/6.3.1/theme/pailitao/index-min.js

  phantomjs://platform/console++.js:263 in error
[ERROR - 2018-01-23T08:40:56.563Z] Session [200ff820-0019-11e8-9b9f-95354bfcf14e] - page.onError - stack:
  (anonymous function) (https://g.alicdn.com/??kissy/k/6.2.4/seed-min.js,kg/global-util/1.0.5/index-min.js,tb/tracker/4.2.1/p/index/index.js,kg/tb-nav/2.5.3/index-min.js,secdev/sufei_data/3.0.8/index.js:5)

  phantomjs://platform/console++.js:263 in error
[ERROR - 2018-01-23T08:40:56.563Z] Session [200ff820-0019-11e8-9b9f-95354bfcf14e] - page.onError - msg: kg/search-suggest/6.3.1/plugin/cloud is not loaded! can not find module in path : https://g.alicdn.com/kg/??search-suggest/6.3.1/index-min.js,search-suggest/6.3.1/plugin/history-min.js,search-suggest/6.3.1/plugin/cloud-min.js,search-suggest/6.3.1/plugin/tab-min.js,search-suggest/6.3.1/plugin/history-magic-min.js,search-suggest/6.3.1/plugin/imgsearch-min.js,search-suggest/6.3.1/theme/pailitao/index-min.js

  phantomjs://platform/console++.js:263 in error
[ERROR - 2018-01-23T08:40:56.563Z] Session [200ff820-0019-11e8-9b9f-95354bfcf14e] - page.onError - stack:
  (anonymous function) (https://g.alicdn.com/??kissy/k/6.2.4/seed-min.js,kg/global-util/1.0.5/index-min.js,tb/tracker/4.2.1/p/index/index.js,kg/tb-nav/2.5.3/index-min.js,secdev/sufei_data/3.0.8/index.js:5)

  phantomjs://platform/console++.js:263 in error
[ERROR - 2018-01-23T08:40:56.564Z] Session [200ff820-0019-11e8-9b9f-95354bfcf14e] - page.onError - msg: kg/search-suggest/6.3.1/plugin/tab is not loaded! can not find module in path : https://g.alicdn.com/kg/??search-suggest/6.3.1/index-min.js,search-suggest/6.3.1/plugin/history-min.js,search-suggest/6.3.1/plugin/cloud-min.js,search-suggest/6.3.1/plugin/tab-min.js,search-suggest/6.3.1/plugin/history-magic-min.js,search-suggest/6.3.1/plugin/imgsearch-min.js,search-suggest/6.3.1/theme/pailitao/index-min.js

  phantomjs://platform/console++.js:263 in error
[ERROR - 2018-01-23T08:40:56.564Z] Session [200ff820-0019-11e8-9b9f-95354bfcf14e] - page.onError - stack:
  (anonymous function) (https://g.alicdn.com/??kissy/k/6.2.4/seed-min.js,kg/global-util/1.0.5/index-min.js,tb/tracker/4.2.1/p/index/index.js,kg/tb-nav/2.5.3/index-min.js,secdev/sufei_data/3.0.8/index.js:5)

  phantomjs://platform/console++.js:263 in error
[ERROR - 2018-01-23T08:40:56.564Z] Session [200ff820-0019-11e8-9b9f-95354bfcf14e] - page.onError - msg: kg/search-suggest/6.3.1/plugin/history-magic is not loaded! can not find module in path : https://g.alicdn.com/kg/??search-suggest/6.3.1/index-min.js,search-suggest/6.3.1/plugin/history-min.js,search-suggest/6.3.1/plugin/cloud-min.js,search-suggest/6.3.1/plugin/tab-min.js,search-suggest/6.3.1/plugin/history-magic-min.js,search-suggest/6.3.1/plugin/imgsearch-min.js,search-suggest/6.3.1/theme/pailitao/index-min.js

  phantomjs://platform/console++.js:263 in error
[ERROR - 2018-01-23T08:40:56.564Z] Session [200ff820-0019-11e8-9b9f-95354bfcf14e] - page.onError - stack:
  (anonymous function) (https://g.alicdn.com/??kissy/k/6.2.4/seed-min.js,kg/global-util/1.0.5/index-min.js,tb/tracker/4.2.1/p/index/index.js,kg/tb-nav/2.5.3/index-min.js,secdev/sufei_data/3.0.8/index.js:5)

  phantomjs://platform/console++.js:263 in error
[ERROR - 2018-01-23T08:40:56.564Z] Session [200ff820-0019-11e8-9b9f-95354bfcf14e] - page.onError - msg: kg/search-suggest/6.3.1/plugin/imgsearch is not loaded! can not find module in path : https://g.alicdn.com/kg/??search-suggest/6.3.1/index-min.js,search-suggest/6.3.1/plugin/history-min.js,search-suggest/6.3.1/plugin/cloud-min.js,search-suggest/6.3.1/plugin/tab-min.js,search-suggest/6.3.1/plugin/history-magic-min.js,search-suggest/6.3.1/plugin/imgsearch-min.js,search-suggest/6.3.1/theme/pailitao/index-min.js

  phantomjs://platform/console++.js:263 in error
[ERROR - 2018-01-23T08:40:56.564Z] Session [200ff820-0019-11e8-9b9f-95354bfcf14e] - page.onError - stack:
  (anonymous function) (https://g.alicdn.com/??kissy/k/6.2.4/seed-min.js,kg/global-util/1.0.5/index-min.js,tb/tracker/4.2.1/p/index/index.js,kg/tb-nav/2.5.3/index-min.js,secdev/sufei_data/3.0.8/index.js:5)

  phantomjs://platform/console++.js:263 in error
[ERROR - 2018-01-23T08:40:56.565Z] Session [200ff820-0019-11e8-9b9f-95354bfcf14e] - page.onError - msg: kg/search-suggest/6.3.1/theme/pailitao/index is not loaded! can not find module in path : https://g.alicdn.com/kg/??search-suggest/6.3.1/index-min.js,search-suggest/6.3.1/plugin/history-min.js,search-suggest/6.3.1/plugin/cloud-min.js,search-suggest/6.3.1/plugin/tab-min.js,search-suggest/6.3.1/plugin/history-magic-min.js,search-suggest/6.3.1/plugin/imgsearch-min.js,search-suggest/6.3.1/theme/pailitao/index-min.js

  phantomjs://platform/console++.js:263 in error
[ERROR - 2018-01-23T08:40:56.565Z] Session [200ff820-0019-11e8-9b9f-95354bfcf14e] - page.onError - stack:
  (anonymous function) (https://g.alicdn.com/??kissy/k/6.2.4/seed-min.js,kg/global-util/1.0.5/index-min.js,tb/tracker/4.2.1/p/index/index.js,kg/tb-nav/2.5.3/index-min.js,secdev/sufei_data/3.0.8/index.js:5)

  phantomjs://platform/console++.js:263 in error
[ERROR - 2018-01-23T08:41:00.927Z] Session [200ff820-0019-11e8-9b9f-95354bfcf14e] - page.onError - msg: TypeError: undefined is not an object (evaluating 'MBOX[a].data')

  phantomjs://platform/console++.js:263 in error
[ERROR - 2018-01-23T08:41:00.927Z] Session [200ff820-0019-11e8-9b9f-95354bfcf14e] - page.onError - stack:
  getData (https://acc.alicdn.com/tfscom/TB1DKQvX2DH8KJjy1XcXXcpdXXa.js:5)
  (anonymous function) (https://acc.alicdn.com/tfscom/TB1DKQvX2DH8KJjy1XcXXcpdXXa.js:10)
  _use (https://acc.alicdn.com/tfscom/TB19mfKX2DH8KJjy1XcXXcpdXXa.js:1)
  load (https://acc.alicdn.com/tfscom/TB19mfKX2DH8KJjy1XcXXcpdXXa.js:1)
  getData (https://acc.alicdn.com/tfscom/TB1DKQvX2DH8KJjy1XcXXcpdXXa.js:10)
  render (https://acc.alicdn.com/tfscom/TB1DKQvX2DH8KJjy1XcXXcpdXXa.js:13)
  s (https://acc.alicdn.com/tfscom/TB1DKQvX2DH8KJjy1XcXXcpdXXa.js:15)
  (anonymous function) (https://acc.alicdn.com/tfscom/TB1DKQvX2DH8KJjy1XcXXcpdXXa.js:15)
  _use (https://acc.alicdn.com/tfscom/TB19mfKX2DH8KJjy1XcXXcpdXXa.js:1)
  load (https://acc.alicdn.com/tfscom/TB19mfKX2DH8KJjy1XcXXcpdXXa.js:1)
  i (https://acc.alicdn.com/tfscom/TB1DKQvX2DH8KJjy1XcXXcpdXXa.js:15)
  (anonymous function) (https://acc.alicdn.com/tfscom/TB1DKQvX2DH8KJjy1XcXXcpdXXa.js:15)
  _use (https://acc.alicdn.com/tfscom/TB19mfKX2DH8KJjy1XcXXcpdXXa.js:1)
  load (https://acc.alicdn.com/tfscom/TB19mfKX2DH8KJjy1XcXXcpdXXa.js:1)
  (anonymous function) (https://acc.alicdn.com/tfscom/TB1DKQvX2DH8KJjy1XcXXcpdXXa.js:15)

  phantomjs://platform/console++.js:263 in error
[ERROR - 2018-01-23T08:41:08.141Z] Session [200ff820-0019-11e8-9b9f-95354bfcf14e] - page.onError - msg: TypeError: undefined is not an object (evaluating 'MBOX[a].data')

  phantomjs://platform/console++.js:263 in error
[ERROR - 2018-01-23T08:41:08.141Z] Session [200ff820-0019-11e8-9b9f-95354bfcf14e] - page.onError - stack:
  getData (https://acc.alicdn.com/tfscom/TB1DKQvX2DH8KJjy1XcXXcpdXXa.js:5)
  (anonymous function) (https://acc.alicdn.com/tfscom/TB1DKQvX2DH8KJjy1XcXXcpdXXa.js:10)
  _use (https://acc.alicdn.com/tfscom/TB19mfKX2DH8KJjy1XcXXcpdXXa.js:1)
  load (https://acc.alicdn.com/tfscom/TB19mfKX2DH8KJjy1XcXXcpdXXa.js:1)
  getData (https://acc.alicdn.com/tfscom/TB1DKQvX2DH8KJjy1XcXXcpdXXa.js:10)
  render (https://acc.alicdn.com/tfscom/TB1DKQvX2DH8KJjy1XcXXcpdXXa.js:13)
  s (https://acc.alicdn.com/tfscom/TB1DKQvX2DH8KJjy1XcXXcpdXXa.js:15)
  (anonymous function) (https://acc.alicdn.com/tfscom/TB1DKQvX2DH8KJjy1XcXXcpdXXa.js:15)
  _use (https://acc.alicdn.com/tfscom/TB19mfKX2DH8KJjy1XcXXcpdXXa.js:1)
  load (https://acc.alicdn.com/tfscom/TB19mfKX2DH8KJjy1XcXXcpdXXa.js:1)
  i (https://acc.alicdn.com/tfscom/TB1DKQvX2DH8KJjy1XcXXcpdXXa.js:15)
  (anonymous function) (https://acc.alicdn.com/tfscom/TB1DKQvX2DH8KJjy1XcXXcpdXXa.js:15)
  _use (https://acc.alicdn.com/tfscom/TB19mfKX2DH8KJjy1XcXXcpdXXa.js:1)
  load (https://acc.alicdn.com/tfscom/TB19mfKX2DH8KJjy1XcXXcpdXXa.js:1)
  (anonymous function) (https://acc.alicdn.com/tfscom/TB1DKQvX2DH8KJjy1XcXXcpdXXa.js:15)

  phantomjs://platform/console++.js:263 in error
[ERROR - 2018-01-23T08:41:32.475Z] Session [200ff820-0019-11e8-9b9f-95354bfcf14e] - page.onError - msg: TypeError: undefined is not an object (evaluating 'MBOX[a].data')

  phantomjs://platform/console++.js:263 in error
[ERROR - 2018-01-23T08:41:32.475Z] Session [200ff820-0019-11e8-9b9f-95354bfcf14e] - page.onError - stack:
  getData (https://acc.alicdn.com/tfscom/TB1DKQvX2DH8KJjy1XcXXcpdXXa.js:5)
  (anonymous function) (https://acc.alicdn.com/tfscom/TB1DKQvX2DH8KJjy1XcXXcpdXXa.js:10)
  _use (https://acc.alicdn.com/tfscom/TB19mfKX2DH8KJjy1XcXXcpdXXa.js:1)
  load (https://acc.alicdn.com/tfscom/TB19mfKX2DH8KJjy1XcXXcpdXXa.js:1)
  getData (https://acc.alicdn.com/tfscom/TB1DKQvX2DH8KJjy1XcXXcpdXXa.js:10)
  render (https://acc.alicdn.com/tfscom/TB1DKQvX2DH8KJjy1XcXXcpdXXa.js:13)
  s (https://acc.alicdn.com/tfscom/TB1DKQvX2DH8KJjy1XcXXcpdXXa.js:15)
  (anonymous function) (https://acc.alicdn.com/tfscom/TB1DKQvX2DH8KJjy1XcXXcpdXXa.js:15)
  _use (https://acc.alicdn.com/tfscom/TB19mfKX2DH8KJjy1XcXXcpdXXa.js:1)
  load (https://acc.alicdn.com/tfscom/TB19mfKX2DH8KJjy1XcXXcpdXXa.js:1)
  i (https://acc.alicdn.com/tfscom/TB1DKQvX2DH8KJjy1XcXXcpdXXa.js:15)
  (anonymous function) (https://acc.alicdn.com/tfscom/TB1DKQvX2DH8KJjy1XcXXcpdXXa.js:15)
  _use (https://acc.alicdn.com/tfscom/TB19mfKX2DH8KJjy1XcXXcpdXXa.js:1)
  load (https://acc.alicdn.com/tfscom/TB19mfKX2DH8KJjy1XcXXcpdXXa.js:1)
  (anonymous function) (https://acc.alicdn.com/tfscom/TB1DKQvX2DH8KJjy1XcXXcpdXXa.js:15)

  phantomjs://platform/console++.js:263 in error
[ERROR - 2018-01-23T08:42:04.469Z] Session [200ff820-0019-11e8-9b9f-95354bfcf14e] - page.onError - msg: TypeError: undefined is not an object (evaluating 'MBOX[a].data')

  phantomjs://platform/console++.js:263 in error
[ERROR - 2018-01-23T08:42:04.469Z] Session [200ff820-0019-11e8-9b9f-95354bfcf14e] - page.onError - stack:
  getData (https://acc.alicdn.com/tfscom/TB1DKQvX2DH8KJjy1XcXXcpdXXa.js:5)
  (anonymous function) (https://acc.alicdn.com/tfscom/TB1DKQvX2DH8KJjy1XcXXcpdXXa.js:10)
  _use (https://acc.alicdn.com/tfscom/TB19mfKX2DH8KJjy1XcXXcpdXXa.js:1)
  load (https://acc.alicdn.com/tfscom/TB19mfKX2DH8KJjy1XcXXcpdXXa.js:1)
  getData (https://acc.alicdn.com/tfscom/TB1DKQvX2DH8KJjy1XcXXcpdXXa.js:10)
  render (https://acc.alicdn.com/tfscom/TB1DKQvX2DH8KJjy1XcXXcpdXXa.js:13)
  s (https://acc.alicdn.com/tfscom/TB1DKQvX2DH8KJjy1XcXXcpdXXa.js:15)
  (anonymous function) (https://acc.alicdn.com/tfscom/TB1DKQvX2DH8KJjy1XcXXcpdXXa.js:15)
  _use (https://acc.alicdn.com/tfscom/TB19mfKX2DH8KJjy1XcXXcpdXXa.js:1)
  load (https://acc.alicdn.com/tfscom/TB19mfKX2DH8KJjy1XcXXcpdXXa.js:1)
  i (https://acc.alicdn.com/tfscom/TB1DKQvX2DH8KJjy1XcXXcpdXXa.js:15)
  (anonymous function) (https://acc.alicdn.com/tfscom/TB1DKQvX2DH8KJjy1XcXXcpdXXa.js:15)
  _use (https://acc.alicdn.com/tfscom/TB19mfKX2DH8KJjy1XcXXcpdXXa.js:1)
  load (https://acc.alicdn.com/tfscom/TB19mfKX2DH8KJjy1XcXXcpdXXa.js:1)
  (anonymous function) (https://acc.alicdn.com/tfscom/TB1DKQvX2DH8KJjy1XcXXcpdXXa.js:15)

  phantomjs://platform/console++.js:263 in error
[ERROR - 2018-01-23T08:42:28.665Z] Session [200ff820-0019-11e8-9b9f-95354bfcf14e] - page.onError - msg: TypeError: undefined is not an object (evaluating 'MBOX[a].data')

  phantomjs://platform/console++.js:263 in error
[ERROR - 2018-01-23T08:42:28.665Z] Session [200ff820-0019-11e8-9b9f-95354bfcf14e] - page.onError - stack:
  getData (https://acc.alicdn.com/tfscom/TB1DKQvX2DH8KJjy1XcXXcpdXXa.js:5)
  (anonymous function) (https://acc.alicdn.com/tfscom/TB1DKQvX2DH8KJjy1XcXXcpdXXa.js:10)
  _use (https://acc.alicdn.com/tfscom/TB19mfKX2DH8KJjy1XcXXcpdXXa.js:1)
  load (https://acc.alicdn.com/tfscom/TB19mfKX2DH8KJjy1XcXXcpdXXa.js:1)
  getData (https://acc.alicdn.com/tfscom/TB1DKQvX2DH8KJjy1XcXXcpdXXa.js:10)
  render (https://acc.alicdn.com/tfscom/TB1DKQvX2DH8KJjy1XcXXcpdXXa.js:13)
  s (https://acc.alicdn.com/tfscom/TB1DKQvX2DH8KJjy1XcXXcpdXXa.js:15)
  (anonymous function) (https://acc.alicdn.com/tfscom/TB1DKQvX2DH8KJjy1XcXXcpdXXa.js:15)
  _use (https://acc.alicdn.com/tfscom/TB19mfKX2DH8KJjy1XcXXcpdXXa.js:1)
  load (https://acc.alicdn.com/tfscom/TB19mfKX2DH8KJjy1XcXXcpdXXa.js:1)
  i (https://acc.alicdn.com/tfscom/TB1DKQvX2DH8KJjy1XcXXcpdXXa.js:15)
  (anonymous function) (https://acc.alicdn.com/tfscom/TB1DKQvX2DH8KJjy1XcXXcpdXXa.js:15)
  _use (https://acc.alicdn.com/tfscom/TB19mfKX2DH8KJjy1XcXXcpdXXa.js:1)
  load (https://acc.alicdn.com/tfscom/TB19mfKX2DH8KJjy1XcXXcpdXXa.js:1)
  (anonymous function) (https://acc.alicdn.com/tfscom/TB1DKQvX2DH8KJjy1XcXXcpdXXa.js:15)

  phantomjs://platform/console++.js:263 in error
